<?xml version="1.0" encoding="utf-8"?><testsuites><testsuite errors="0" failures="0" hostname="LAPTOP-OMB1G49M" name="pytest" skipped="14" tests="171" time="37.745" timestamp="2020-08-18T17:49:06.655747"><testcase classname="tests.test_credentials.MyTestCase" file="tests\test_credentials.py" line="6" name="test_expand_json" time="0.003"></testcase><testcase classname="tests.test_data_source.MyTestCase" file="tests\test_data_source.py" line="11" name="test_RandomFunctionDataSource" time="0.007"></testcase><testcase classname="tests.test_data_source.MyTestCase" file="tests\test_data_source.py" line="40" name="test_create_excel_var" time="0.076"></testcase><testcase classname="tests.test_data_source.MyTestCase" file="tests\test_data_source.py" line="46" name="test_create_timeseries_excel_var" time="0.067"></testcase><testcase classname="tests.test_data_source.MyTestCase" file="tests\test_data_source.py" line="20" name="test_timeseries_RandomFunctionDataSource" time="0.001"><skipped message="not sure RandomFunctionDataSource is still needed" type="pytest.skip">C:\Users\Theano\PycharmProjects\DIMPACT\eam-core\tests\test_data_source.py:21: not sure RandomFunctionDataSource is still needed</skipped></testcase><testcase classname="tests.test_data_source.MyTestCase" file="tests\test_data_source.py" line="29" name="test_timeseries_mean_RandomFunctionDataSource" time="0.001"><skipped message="not sure RandomFunctionDataSource is still needed" type="pytest.skip">C:\Users\Theano\PycharmProjects\DIMPACT\eam-core\tests\test_data_source.py:30: not sure RandomFunctionDataSource is still needed</skipped></testcase><testcase classname="tests.test_dsl_model.TestDSLModels" file="tests\test_dsl_model.py" line="29" name="test_basic_formula_model" time="0.001"><skipped message="old DSL. New does not return values - need review" type="pytest.skip">C:\Users\Theano\PycharmProjects\DIMPACT\eam-core\tests\test_dsl_model.py:30: old DSL. New does not return values - need review</skipped></testcase><testcase classname="tests.test_dsl_model.TestDSLModels" file="tests\test_dsl_model.py" line="7" name="test_formula_process" time="0.023"></testcase><testcase classname="tests.test_dsl_static_analyser.NumberTestCase" file="tests\test_dsl_static_analyser.py" line="89" name="test_2nd_basic_self_assign" time="0.010"></testcase><testcase classname="tests.test_dsl_static_analyser.NumberTestCase" file="tests\test_dsl_static_analyser.py" line="107" name="test_basic_add" time="0.003"></testcase><testcase classname="tests.test_dsl_static_analyser.NumberTestCase" file="tests\test_dsl_static_analyser.py" line="261" name="test_basic_and" time="0.023"></testcase><testcase classname="tests.test_dsl_static_analyser.NumberTestCase" file="tests\test_dsl_static_analyser.py" line="371" name="test_basic_any_implicit_in_stat_block_found" time="0.014"></testcase><testcase classname="tests.test_dsl_static_analyser.NumberTestCase" file="tests\test_dsl_static_analyser.py" line="197" name="test_basic_bool_false" time="0.003"></testcase><testcase classname="tests.test_dsl_static_analyser.NumberTestCase" file="tests\test_dsl_static_analyser.py" line="206" name="test_basic_bool_not" time="0.003"></testcase><testcase classname="tests.test_dsl_static_analyser.NumberTestCase" file="tests\test_dsl_static_analyser.py" line="188" name="test_basic_bool_true" time="0.003"></testcase><testcase classname="tests.test_dsl_static_analyser.NumberTestCase" file="tests\test_dsl_static_analyser.py" line="152" name="test_basic_div" time="0.004"></testcase><testcase classname="tests.test_dsl_static_analyser.NumberTestCase" file="tests\test_dsl_static_analyser.py" line="215" name="test_basic_eq" time="0.009"></testcase><testcase classname="tests.test_dsl_static_analyser.NumberTestCase" file="tests\test_dsl_static_analyser.py" line="62" name="test_basic_float_assign" time="0.003"></testcase><testcase classname="tests.test_dsl_static_analyser.NumberTestCase" file="tests\test_dsl_static_analyser.py" line="231" name="test_basic_get" time="0.004"></testcase><testcase classname="tests.test_dsl_static_analyser.NumberTestCase" file="tests\test_dsl_static_analyser.py" line="222" name="test_basic_gt" time="0.003"></testcase><testcase classname="tests.test_dsl_static_analyser.NumberTestCase" file="tests\test_dsl_static_analyser.py" line="287" name="test_basic_if" time="0.007"></testcase><testcase classname="tests.test_dsl_static_analyser.NumberTestCase" file="tests\test_dsl_static_analyser.py" line="302" name="test_basic_if_conditions_implicit" time="0.008"></testcase><testcase classname="tests.test_dsl_static_analyser.NumberTestCase" file="tests\test_dsl_static_analyser.py" line="391" name="test_basic_if_else" time="0.009"></testcase><testcase classname="tests.test_dsl_static_analyser.NumberTestCase" file="tests\test_dsl_static_analyser.py" line="335" name="test_basic_if_else_if_else" time="0.029"></testcase><testcase classname="tests.test_dsl_static_analyser.NumberTestCase" file="tests\test_dsl_static_analyser.py" line="320" name="test_basic_if_implicit_stat" time="0.006"></testcase><testcase classname="tests.test_dsl_static_analyser.NumberTestCase" file="tests\test_dsl_static_analyser.py" line="42" name="test_basic_int_assign" time="0.003"></testcase><testcase classname="tests.test_dsl_static_analyser.NumberTestCase" file="tests\test_dsl_static_analyser.py" line="242" name="test_basic_let" time="0.004"></testcase><testcase classname="tests.test_dsl_static_analyser.NumberTestCase" file="tests\test_dsl_static_analyser.py" line="252" name="test_basic_lt" time="0.003"></testcase><testcase classname="tests.test_dsl_static_analyser.NumberTestCase" file="tests\test_dsl_static_analyser.py" line="161" name="test_basic_mod" time="0.004"></testcase><testcase classname="tests.test_dsl_static_analyser.NumberTestCase" file="tests\test_dsl_static_analyser.py" line="143" name="test_basic_mult" time="0.003"></testcase><testcase classname="tests.test_dsl_static_analyser.NumberTestCase" file="tests\test_dsl_static_analyser.py" line="98" name="test_basic_nil_assign" time="0.003"></testcase><testcase classname="tests.test_dsl_static_analyser.NumberTestCase" file="tests\test_dsl_static_analyser.py" line="274" name="test_basic_or" time="0.012"></testcase><testcase classname="tests.test_dsl_static_analyser.NumberTestCase" file="tests\test_dsl_static_analyser.py" line="179" name="test_basic_paranthesis" time="0.003"></testcase><testcase classname="tests.test_dsl_static_analyser.NumberTestCase" file="tests\test_dsl_static_analyser.py" line="170" name="test_basic_pow" time="0.009"></testcase><testcase classname="tests.test_dsl_static_analyser.NumberTestCase" file="tests\test_dsl_static_analyser.py" line="80" name="test_basic_self_assign" time="0.003"></testcase><testcase classname="tests.test_dsl_static_analyser.NumberTestCase" file="tests\test_dsl_static_analyser.py" line="125" name="test_basic_several_add" time="0.003"></testcase><testcase classname="tests.test_dsl_static_analyser.NumberTestCase" file="tests\test_dsl_static_analyser.py" line="71" name="test_basic_str_assign" time="0.004"></testcase><testcase classname="tests.test_dsl_static_analyser.NumberTestCase" file="tests\test_dsl_static_analyser.py" line="116" name="test_basic_sub" time="0.003"></testcase><testcase classname="tests.test_dsl_static_analyser.NumberTestCase" file="tests\test_dsl_static_analyser.py" line="134" name="test_basic_unary_minus" time="0.008"></testcase><testcase classname="tests.test_dsl_static_analyser.NumberTestCase" file="tests\test_dsl_static_analyser.py" line="407" name="test_basic_while" time="0.009"></testcase><testcase classname="tests.test_dsl_static_analyser.NumberTestCase" file="tests\test_dsl_static_analyser.py" line="30" name="test_implicit_var_" time="0.004"></testcase><testcase classname="tests.test_dsl_static_analyser.NumberTestCase" file="tests\test_dsl_static_analyser.py" line="354" name="test_model_formula_if_else_if_else" time="0.032"></testcase><testcase classname="tests.test_dsl_static_analyser.NumberTestCase" file="tests\test_dsl_static_analyser.py" line="17" name="test_new_assignment_not_implicit" time="0.004"></testcase><testcase classname="tests.test_dsl_static_analyser.NumberTestCase" file="tests\test_dsl_static_analyser.py" line="51" name="test_repeat_int_assign" time="0.005"></testcase><testcase classname="tests.test_grouping.GroupingTestCase" file="tests\test_grouping.py" line="10" name="test_basic" time="0.019"></testcase><testcase classname="tests.test_hdf.MyTestCase" file="tests\test_hdf.py" line="13" name="test_basic" time="0.503"></testcase><testcase classname="tests.test_hdf.MyTestCase" file="tests\test_hdf.py" line="36" name="test_store_df" time="0.001"><skipped message="no time to investigate" type="pytest.skip">C:\Users\Theano\PycharmProjects\DIMPACT\eam-core\tests\test_hdf.py:37: no time to investigate</skipped></testcase><testcase classname="tests.test_models.MyTestCase" file="tests\test_models.py" line="11" name="test_ci_v2" time="6.621"></testcase><testcase classname="tests.test_models.MyTestCase" file="tests\test_models.py" line="14" name="test_countries" time="5.865"></testcase><testcase classname="tests.test_models.MyTestCase" file="tests\test_models.py" line="7" name="test_youtube" time="0.002"><skipped message="too much effort to maintain" type="pytest.skip">C:\Users\Theano\PycharmProjects\DIMPACT\eam-core\tests\test_models.py:8: too much effort to maintain</skipped></testcase><testcase classname="tests.test_module_parser.ModuleParserTestCase" file="tests\test_module_parser.py" line="126" name="test_model_metadata" time="0.052"></testcase><testcase classname="tests.test_module_parser.ModuleParserTestCase" file="tests\test_module_parser.py" line="110" name="test_process_data" time="0.040"></testcase><testcase classname="tests.test_module_parser.ModuleParserTestCase" file="tests\test_module_parser.py" line="86" name="test_variable_data" time="0.040"></testcase><testcase classname="tests.test_mu_dsl.NumberTestCase" file="tests\test_mu_dsl.py" line="63" name="test_basic_add" time="0.003"></testcase><testcase classname="tests.test_mu_dsl.NumberTestCase" file="tests\test_mu_dsl.py" line="184" name="test_basic_and" time="0.007"></testcase><testcase classname="tests.test_mu_dsl.NumberTestCase" file="tests\test_mu_dsl.py" line="133" name="test_basic_bool_false" time="0.003"></testcase><testcase classname="tests.test_mu_dsl.NumberTestCase" file="tests\test_mu_dsl.py" line="140" name="test_basic_bool_not" time="0.002"></testcase><testcase classname="tests.test_mu_dsl.NumberTestCase" file="tests\test_mu_dsl.py" line="126" name="test_basic_bool_true" time="0.003"></testcase><testcase classname="tests.test_mu_dsl.NumberTestCase" file="tests\test_mu_dsl.py" line="98" name="test_basic_div" time="0.003"></testcase><testcase classname="tests.test_mu_dsl.NumberTestCase" file="tests\test_mu_dsl.py" line="147" name="test_basic_eq" time="0.003"></testcase><testcase classname="tests.test_mu_dsl.NumberTestCase" file="tests\test_mu_dsl.py" line="212" name="test_basic_error" time="0.010"></testcase><testcase classname="tests.test_mu_dsl.NumberTestCase" file="tests\test_mu_dsl.py" line="42" name="test_basic_float_assign" time="0.003"></testcase><testcase classname="tests.test_mu_dsl.NumberTestCase" file="tests\test_mu_dsl.py" line="161" name="test_basic_get" time="0.004"></testcase><testcase classname="tests.test_mu_dsl.NumberTestCase" file="tests\test_mu_dsl.py" line="154" name="test_basic_gt" time="0.007"></testcase><testcase classname="tests.test_mu_dsl.NumberTestCase" file="tests\test_mu_dsl.py" line="202" name="test_basic_if" time="0.011"></testcase><testcase classname="tests.test_mu_dsl.NumberTestCase" file="tests\test_mu_dsl.py" line="273" name="test_basic_if_else" time="0.010"></testcase><testcase classname="tests.test_mu_dsl.NumberTestCase" file="tests\test_mu_dsl.py" line="260" name="test_basic_if_else_if" time="0.017"></testcase><testcase classname="tests.test_mu_dsl.NumberTestCase" file="tests\test_mu_dsl.py" line="245" name="test_basic_if_else_if_else" time="0.028"></testcase><testcase classname="tests.test_mu_dsl.NumberTestCase" file="tests\test_mu_dsl.py" line="224" name="test_basic_if_non_zero_is_true" time="0.006"></testcase><testcase classname="tests.test_mu_dsl.NumberTestCase" file="tests\test_mu_dsl.py" line="234" name="test_basic_if_zero_is_false" time="0.006"></testcase><testcase classname="tests.test_mu_dsl.NumberTestCase" file="tests\test_mu_dsl.py" line="35" name="test_basic_int_assign" time="0.003"></testcase><testcase classname="tests.test_mu_dsl.NumberTestCase" file="tests\test_mu_dsl.py" line="169" name="test_basic_let" time="0.005"></testcase><testcase classname="tests.test_mu_dsl.NumberTestCase" file="tests\test_mu_dsl.py" line="177" name="test_basic_lt" time="0.003"></testcase><testcase classname="tests.test_mu_dsl.NumberTestCase" file="tests\test_mu_dsl.py" line="105" name="test_basic_mod" time="0.003"></testcase><testcase classname="tests.test_mu_dsl.NumberTestCase" file="tests\test_mu_dsl.py" line="91" name="test_basic_mult" time="0.003"></testcase><testcase classname="tests.test_mu_dsl.NumberTestCase" file="tests\test_mu_dsl.py" line="56" name="test_basic_nil_assign" time="0.002"></testcase><testcase classname="tests.test_mu_dsl.NumberTestCase" file="tests\test_mu_dsl.py" line="193" name="test_basic_or" time="0.009"></testcase><testcase classname="tests.test_mu_dsl.NumberTestCase" file="tests\test_mu_dsl.py" line="119" name="test_basic_paranthesis" time="0.003"></testcase><testcase classname="tests.test_mu_dsl.NumberTestCase" file="tests\test_mu_dsl.py" line="112" name="test_basic_pow" time="0.002"></testcase><testcase classname="tests.test_mu_dsl.NumberTestCase" file="tests\test_mu_dsl.py" line="77" name="test_basic_several_add" time="0.004"></testcase><testcase classname="tests.test_mu_dsl.NumberTestCase" file="tests\test_mu_dsl.py" line="49" name="test_basic_str_assign" time="0.003"></testcase><testcase classname="tests.test_mu_dsl.NumberTestCase" file="tests\test_mu_dsl.py" line="70" name="test_basic_sub" time="0.003"></testcase><testcase classname="tests.test_mu_dsl.NumberTestCase" file="tests\test_mu_dsl.py" line="84" name="test_basic_unary_minus" time="0.003"></testcase><testcase classname="tests.test_mu_dsl.NumberTestCase" file="tests\test_mu_dsl.py" line="285" name="test_basic_while" time="0.010"></testcase><testcase classname="tests.test_mu_dsl.NumberTestCase" file="tests\test_mu_dsl.py" line="28" name="test_comment" time="0.007"></testcase><testcase classname="tests.test_mu_dsl.NumberTestCase" file="tests\test_mu_dsl.py" line="22" name="test_log" time="0.004"></testcase><testcase classname="tests.test_mu_dsl.PandasTestCase" file="tests\test_mu_dsl.py" line="471" name="test_basic_and" time="0.007"></testcase><testcase classname="tests.test_mu_dsl.PandasTestCase" file="tests\test_mu_dsl.py" line="429" name="test_basic_eq" time="0.005"></testcase><testcase classname="tests.test_mu_dsl.PandasTestCase" file="tests\test_mu_dsl.py" line="421" name="test_basic_gt" time="0.005"></testcase><testcase classname="tests.test_mu_dsl.PandasTestCase" file="tests\test_mu_dsl.py" line="461" name="test_basic_if_df" time="0.011"></testcase><testcase classname="tests.test_mu_dsl.PandasTestCase" file="tests\test_mu_dsl.py" line="451" name="test_basic_if_series" time="0.010"></testcase><testcase classname="tests.test_mu_dsl.PandasTestCase" file="tests\test_mu_dsl.py" line="400" name="test_basic_mod" time="0.008"></testcase><testcase classname="tests.test_mu_dsl.PandasTestCase" file="tests\test_mu_dsl.py" line="480" name="test_basic_or" time="0.008"></testcase><testcase classname="tests.test_mu_dsl.PandasTestCase" file="tests\test_mu_dsl.py" line="414" name="test_basic_paranthesis" time="0.008"></testcase><testcase classname="tests.test_mu_dsl.PandasTestCase" file="tests\test_mu_dsl.py" line="407" name="test_basic_pow" time="0.005"></testcase><testcase classname="tests.test_mu_dsl.PandasTestCase" file="tests\test_mu_dsl.py" line="387" name="test_basic_unary_minus" time="0.006"></testcase><testcase classname="tests.test_mu_dsl.PandasTestCase" file="tests\test_mu_dsl.py" line="445" name="test_log_pandas_test_zero" time="0.005"></testcase><testcase classname="tests.test_mu_dsl.PandasTestCase" file="tests\test_mu_dsl.py" line="300" name="test_multi_line_variables_with_objects" time="0.013"></testcase><testcase classname="tests.test_mu_dsl.PandasTestCase" file="tests\test_mu_dsl.py" line="345" name="test_pandas_add" time="0.007"></testcase><testcase classname="tests.test_mu_dsl.PandasTestCase" file="tests\test_mu_dsl.py" line="330" name="test_pandas_div" time="0.006"></testcase><testcase classname="tests.test_mu_dsl.PandasTestCase" file="tests\test_mu_dsl.py" line="373" name="test_pandas_m_add" time="0.019"></testcase><testcase classname="tests.test_mu_dsl.PandasTestCase" file="tests\test_mu_dsl.py" line="325" name="test_pandas_not_real" time="0.002"></testcase><testcase classname="tests.test_mu_dsl.PandasTestCase" file="tests\test_mu_dsl.py" line="359" name="test_pandas_sub" time="0.008"></testcase><testcase classname="tests.test_mu_dsl.PandasTestCase" file="tests\test_mu_dsl.py" line="437" name="test_pandas_test_zero" time="0.006"></testcase><testcase classname="tests.test_mu_dsl.QuantityTestCase" file="tests\test_mu_dsl.py" line="713" name="test_basic_and" time="0.006"></testcase><testcase classname="tests.test_mu_dsl.QuantityTestCase" file="tests\test_mu_dsl.py" line="625" name="test_basic_eq" time="0.005"></testcase><testcase classname="tests.test_mu_dsl.QuantityTestCase" file="tests\test_mu_dsl.py" line="617" name="test_basic_gt" time="0.006"></testcase><testcase classname="tests.test_mu_dsl.QuantityTestCase" file="tests\test_mu_dsl.py" line="681" name="test_basic_if_df" time="0.011"></testcase><testcase classname="tests.test_mu_dsl.QuantityTestCase" file="tests\test_mu_dsl.py" line="647" name="test_basic_if_series" time="0.007"></testcase><testcase classname="tests.test_mu_dsl.QuantityTestCase" file="tests\test_mu_dsl.py" line="596" name="test_basic_mod" time="0.007"></testcase><testcase classname="tests.test_mu_dsl.QuantityTestCase" file="tests\test_mu_dsl.py" line="722" name="test_basic_or" time="0.008"></testcase><testcase classname="tests.test_mu_dsl.QuantityTestCase" file="tests\test_mu_dsl.py" line="610" name="test_basic_paranthesis" time="0.008"></testcase><testcase classname="tests.test_mu_dsl.QuantityTestCase" file="tests\test_mu_dsl.py" line="603" name="test_basic_pow" time="0.005"></testcase><testcase classname="tests.test_mu_dsl.QuantityTestCase" file="tests\test_mu_dsl.py" line="583" name="test_basic_unary_minus" time="0.006"></testcase><testcase classname="tests.test_mu_dsl.QuantityTestCase" file="tests\test_mu_dsl.py" line="641" name="test_log_pandas_test_zero" time="0.008"></testcase><testcase classname="tests.test_mu_dsl.QuantityTestCase" file="tests\test_mu_dsl.py" line="493" name="test_multi_line_variables_with_objects" time="0.018"></testcase><testcase classname="tests.test_mu_dsl.QuantityTestCase" file="tests\test_mu_dsl.py" line="541" name="test_pandas_add" time="0.008"></testcase><testcase classname="tests.test_mu_dsl.QuantityTestCase" file="tests\test_mu_dsl.py" line="526" name="test_pandas_div" time="0.007"></testcase><testcase classname="tests.test_mu_dsl.QuantityTestCase" file="tests\test_mu_dsl.py" line="569" name="test_pandas_m_add" time="0.014"></testcase><testcase classname="tests.test_mu_dsl.QuantityTestCase" file="tests\test_mu_dsl.py" line="521" name="test_pandas_not_real" time="0.002"></testcase><testcase classname="tests.test_mu_dsl.QuantityTestCase" file="tests\test_mu_dsl.py" line="555" name="test_pandas_sub" time="0.007"></testcase><testcase classname="tests.test_mu_dsl.QuantityTestCase" file="tests\test_mu_dsl.py" line="633" name="test_pandas_test_zero" time="0.006"></testcase><testcase classname="tests.test_mu_dsl.QuantityTestCase" file="tests\test_mu_dsl.py" line="732" name="test_pint_pandas" time="0.015"></testcase><testcase classname="tests.test_mu_dsl.QuantityTestCase" file="tests\test_mu_dsl.py" line="762" name="test_pint_pandas_df_basic_if_false" time="0.009"></testcase><testcase classname="tests.test_mu_dsl.QuantityTestCase" file="tests\test_mu_dsl.py" line="747" name="test_pint_pandas_df_basic_if_true" time="0.008"></testcase><testcase classname="tests.test_mu_dsl.QuantityTestCase" file="tests\test_mu_dsl.py" line="792" name="test_pint_pandas_series_basic_if_false" time="0.009"></testcase><testcase classname="tests.test_mu_dsl.QuantityTestCase" file="tests\test_mu_dsl.py" line="777" name="test_pint_pandas_series_basic_if_true" time="0.009"></testcase><testcase classname="tests.test_mu_dsl.QuantityTestCase" file="tests\test_mu_dsl.py" line="807" name="test_pint_pandas_series_ignore_units" time="0.010"></testcase><testcase classname="tests.test_mu_dsl.QuantityTestCase" file="tests\test_mu_dsl.py" line="823" name="test_pint_pandas_timeseries" time="0.020"></testcase><testcase classname="tests.test_mu_dsl.QuantityTestCase" file="tests\test_mu_dsl.py" line="850" name="test_pint_pandas_timeseries_mix_var" time="0.027"></testcase><testcase classname="tests.test_mu_dsl.QuantityTestCase" file="tests\test_mu_dsl.py" line="701" name="test_short_if_df_false" time="0.008"></testcase><testcase classname="tests.test_mu_dsl.QuantityTestCase" file="tests\test_mu_dsl.py" line="691" name="test_short_if_df_true" time="0.008"></testcase><testcase classname="tests.test_mu_dsl.QuantityTestCase" file="tests\test_mu_dsl.py" line="657" name="test_short_if_series_false" time="0.008"></testcase><testcase classname="tests.test_mu_dsl.QuantityTestCase" file="tests\test_mu_dsl.py" line="669" name="test_short_if_series_true" time="0.008"></testcase><testcase classname="tests.test_process_ids.TestProcessIDs" file="tests\test_process_ids.py" line="78" name="test_duplicate_ids" time="0.078"></testcase><testcase classname="tests.test_process_ids.TestProcessIDs" file="tests\test_process_ids.py" line="61" name="test_existing_ids" time="0.275"></testcase><testcase classname="tests.test_process_ids.TestProcessIDs" file="tests\test_process_ids.py" line="71" name="test_no_existing_ids" time="0.290"></testcase><testcase classname="tests.test_process_ids.TestProcessIDs" file="tests\test_process_ids.py" line="83" name="test_no_id_flag" time="0.205"></testcase><testcase classname="tests.test_process_ids.TestProcessIDs" file="tests\test_process_ids.py" line="66" name="test_some_existing_ids" time="0.299"></testcase><testcase classname="tests.test_serialise.MyTestCase" file="tests\test_serialise.py" line="51" name="test_serialise_to_yaml" time="0.008"></testcase><testcase classname="tests.test_serialise.MyTestCase" file="tests\test_serialise.py" line="13" name="test_to_json" time="0.013"></testcase><testcase classname="tests.test_unit.MyTestCase" file="tests\test_unit.py" line="51" name="test_dataframe_quantity_add" time="0.010"></testcase><testcase classname="tests.test_unit.MyTestCase" file="tests\test_unit.py" line="43" name="test_dataframe_quantity_mult" time="0.010"></testcase><testcase classname="tests.test_unit.MyTestCase" file="tests\test_unit.py" line="38" name="test_dataframe_quantity_parsing" time="0.003"></testcase><testcase classname="tests.test_unit.MyTestCase" file="tests\test_unit.py" line="26" name="test_inline_conversion" time="0.004"></testcase><testcase classname="tests.test_unit.MyTestCase" file="tests\test_unit.py" line="29" name="test_jpb_default_unit" time="0.002"></testcase><testcase classname="tests.test_unit.MyTestCase" file="tests\test_unit.py" line="34" name="test_jpb_scientific_unit" time="0.003"></testcase><testcase classname="tests.test_unit.MyTestCase" file="tests\test_unit.py" line="105" name="test_keep_datatype" time="0.009"></testcase><testcase classname="tests.test_unit.MyTestCase" file="tests\test_unit.py" line="128" name="test_multi_col_df_quantity" time="0.027"></testcase><testcase classname="tests.test_unit.MyTestCase" file="tests\test_unit.py" line="60" name="test_simple_model_with_units" time="0.001"><skipped message="old DSL. New does not return values - need review" type="pytest.skip">C:\Users\Theano\PycharmProjects\DIMPACT\eam-core\tests\test_unit.py:61: old DSL. New does not return values - need review</skipped></testcase><testcase classname="tests.test_yaml_loader.YamlLoader_v1" file="tests\test_yaml_loader.py" line="173" name="test_complex_variables" time="0.020"></testcase><testcase classname="tests.test_yaml_loader.YamlLoader_v1" file="tests\test_yaml_loader.py" line="139" name="test_constants" time="0.010"></testcase><testcase classname="tests.test_yaml_loader.YamlLoader_v1" file="tests\test_yaml_loader.py" line="541" name="test_dict_deep_update" time="0.001"></testcase><testcase classname="tests.test_yaml_loader.YamlLoader_v1" file="tests\test_yaml_loader.py" line="96" name="test_excelvar" time="0.013"></testcase><testcase classname="tests.test_yaml_loader.YamlLoader_v1" file="tests\test_yaml_loader.py" line="108" name="test_excelvar_set" time="0.010"></testcase><testcase classname="tests.test_yaml_loader.YamlLoader_v1" file="tests\test_yaml_loader.py" line="261" name="test_excelvar_set_with_sub" time="0.038"></testcase><testcase classname="tests.test_yaml_loader.YamlLoader_v1" file="tests\test_yaml_loader.py" line="297" name="test_excelvar_set_with_sub_and_excel_var_stub" time="0.037"></testcase><testcase classname="tests.test_yaml_loader.YamlLoader_v1" file="tests\test_yaml_loader.py" line="450" name="test_export_alias_declaration" time="0.001"><skipped message="old DSL. New does not return values - need review" type="pytest.skip">C:\Users\Theano\PycharmProjects\DIMPACT\eam-core\tests\test_yaml_loader.py:451: old DSL. New does not return values - need review</skipped></testcase><testcase classname="tests.test_yaml_loader.YamlLoader_v1" file="tests\test_yaml_loader.py" line="412" name="test_import_alias_declaration" time="0.001"><skipped message="old DSL. New does not return values - need review" type="pytest.skip">C:\Users\Theano\PycharmProjects\DIMPACT\eam-core\tests\test_yaml_loader.py:413: old DSL. New does not return values - need review</skipped></testcase><testcase classname="tests.test_yaml_loader.YamlLoader_v1" file="tests\test_yaml_loader.py" line="372" name="test_import_declaration" time="0.002"><skipped message="old DSL. New does not return values - need review" type="pytest.skip">C:\Users\Theano\PycharmProjects\DIMPACT\eam-core\tests\test_yaml_loader.py:373: old DSL. New does not return values - need review</skipped></testcase><testcase classname="tests.test_yaml_loader.YamlLoader_v1" file="tests\test_yaml_loader.py" line="333" name="test_linkto_declaration" time="0.011"></testcase><testcase classname="tests.test_yaml_loader.YamlLoader_v1" file="tests\test_yaml_loader.py" line="492" name="test_multiple_formula_process" time="0.001"><skipped message="old DSL. New does not return values - need review" type="pytest.skip">C:\Users\Theano\PycharmProjects\DIMPACT\eam-core\tests\test_yaml_loader.py:493: old DSL. New does not return values - need review</skipped></testcase><testcase classname="tests.test_yaml_loader.YamlLoader_v1" file="tests\test_yaml_loader.py" line="549" name="test_prototype_add_property" time="0.001"><skipped message="old DSL. New does not return values - need review" type="pytest.skip">C:\Users\Theano\PycharmProjects\DIMPACT\eam-core\tests\test_yaml_loader.py:550: old DSL. New does not return values - need review</skipped></testcase><testcase classname="tests.test_yaml_loader.YamlLoader_v1" file="tests\test_yaml_loader.py" line="602" name="test_prototype_overwrite_property" time="0.001"><skipped message="old DSL. New does not return values - need review" type="pytest.skip">C:\Users\Theano\PycharmProjects\DIMPACT\eam-core\tests\test_yaml_loader.py:603: old DSL. New does not return values - need review</skipped></testcase><testcase classname="tests.test_yaml_loader.YamlLoader_v1" file="tests\test_yaml_loader.py" line="235" name="test_staticvar_set" time="0.007"></testcase><testcase classname="tests.test_yaml_loader.YamlLoader_v1" file="tests\test_yaml_loader.py" line="59" name="test_yaml_parsing" time="0.013"></testcase><testcase classname="tests.test_yaml_loader.YamlLoader_v2" file="tests\test_yaml_loader.py" line="675" name="test_basic" time="0.282"></testcase><testcase classname="tests.test_yaml_loader.YamlLoader_v2" file="tests\test_yaml_loader.py" line="755" name="test_static_check" time="0.010"></testcase><testcase classname="tests.test_yaml_serialise.MyTestCase" file="tests\test_yaml_serialise.py" line="120" name="test_model_to_ymal" time="0.052"></testcase><testcase classname="tests.test_yaml_serialise.MyTestCase" file="tests\test_yaml_serialise.py" line="63" name="test_prototype_add_property" time="0.001"><skipped message="old DSL. New does not return values - need review" type="pytest.skip">C:\Users\Theano\PycharmProjects\DIMPACT\eam-core\tests\test_yaml_serialise.py:64: old DSL. New does not return values - need review</skipped></testcase><testcase classname="tests.test_yaml_serialise.MyTestCase" file="tests\test_yaml_serialise.py" line="28" name="test_scenarios" time="0.002"><skipped message="cannot use teapot project reference here" type="pytest.skip">C:\Users\Theano\PycharmProjects\DIMPACT\eam-core\tests\test_yaml_serialise.py:29: cannot use teapot project reference here</skipped></testcase></testsuite></testsuites>