<?xml version="1.0" encoding="utf-8"?><testsuites><testsuite errors="0" failures="0" hostname="Jeds-MBP.fritz.box" name="pytest" skipped="11" tests="168" time="52.712" timestamp="2021-08-05T14:19:57.070463"><testcase classname="tests.test_credentials.MyTestCase" name="test_expand_json" time="0.004" /><testcase classname="tests.test_data_source.MyTestCase" name="test_RandomFunctionDataSource" time="0.019" /><testcase classname="tests.test_data_source.MyTestCase" name="test_create_excel_var" time="0.106" /><testcase classname="tests.test_data_source.MyTestCase" name="test_create_timeseries_excel_var" time="0.141" /><testcase classname="tests.test_data_source.MyTestCase" name="test_timeseries_RandomFunctionDataSource" time="0.003"><skipped message="not sure RandomFunctionDataSource is still needed" type="pytest.skip">/Users/jedpreist/CodingStuff/DIMPACT/eam-core-provenance/tests/test_data_source.py:19: not sure RandomFunctionDataSource is still needed</skipped></testcase><testcase classname="tests.test_data_source.MyTestCase" name="test_timeseries_mean_RandomFunctionDataSource" time="0.002"><skipped message="not sure RandomFunctionDataSource is still needed" type="pytest.skip">/Users/jedpreist/CodingStuff/DIMPACT/eam-core-provenance/tests/test_data_source.py:28: not sure RandomFunctionDataSource is still needed</skipped></testcase><testcase classname="tests.test_dsl_model.TestDSLModels" name="test_basic_formula_model" time="0.002"><skipped message="old DSL. New does not return values - need review" type="pytest.skip">/Users/jedpreist/CodingStuff/DIMPACT/eam-core-provenance/tests/test_dsl_model.py:30: old DSL. New does not return values - need review</skipped></testcase><testcase classname="tests.test_dsl_model.TestDSLModels" name="test_formula_process" time="0.061" /><testcase classname="tests.test_dsl_static_analyser.NumberTestCase" name="test_2nd_basic_self_assign" time="0.025" /><testcase classname="tests.test_dsl_static_analyser.NumberTestCase" name="test_basic_add" time="0.006" /><testcase classname="tests.test_dsl_static_analyser.NumberTestCase" name="test_basic_and" time="0.059" /><testcase classname="tests.test_dsl_static_analyser.NumberTestCase" name="test_basic_any_implicit_in_stat_block_found" time="0.031" /><testcase classname="tests.test_dsl_static_analyser.NumberTestCase" name="test_basic_bool_false" time="0.007" /><testcase classname="tests.test_dsl_static_analyser.NumberTestCase" name="test_basic_bool_not" time="0.007" /><testcase classname="tests.test_dsl_static_analyser.NumberTestCase" name="test_basic_bool_true" time="0.007" /><testcase classname="tests.test_dsl_static_analyser.NumberTestCase" name="test_basic_div" time="0.012" /><testcase classname="tests.test_dsl_static_analyser.NumberTestCase" name="test_basic_eq" time="0.025" /><testcase classname="tests.test_dsl_static_analyser.NumberTestCase" name="test_basic_float_assign" time="0.010" /><testcase classname="tests.test_dsl_static_analyser.NumberTestCase" name="test_basic_get" time="0.008" /><testcase classname="tests.test_dsl_static_analyser.NumberTestCase" name="test_basic_gt" time="0.008" /><testcase classname="tests.test_dsl_static_analyser.NumberTestCase" name="test_basic_if" time="0.024" /><testcase classname="tests.test_dsl_static_analyser.NumberTestCase" name="test_basic_if_conditions_implicit" time="0.011" /><testcase classname="tests.test_dsl_static_analyser.NumberTestCase" name="test_basic_if_else" time="0.024" /><testcase classname="tests.test_dsl_static_analyser.NumberTestCase" name="test_basic_if_else_if_else" time="0.092" /><testcase classname="tests.test_dsl_static_analyser.NumberTestCase" name="test_basic_if_implicit_stat" time="0.015" /><testcase classname="tests.test_dsl_static_analyser.NumberTestCase" name="test_basic_int_assign" time="0.020" /><testcase classname="tests.test_dsl_static_analyser.NumberTestCase" name="test_basic_let" time="0.013" /><testcase classname="tests.test_dsl_static_analyser.NumberTestCase" name="test_basic_lt" time="0.007" /><testcase classname="tests.test_dsl_static_analyser.NumberTestCase" name="test_basic_mod" time="0.011" /><testcase classname="tests.test_dsl_static_analyser.NumberTestCase" name="test_basic_mult" time="0.009" /><testcase classname="tests.test_dsl_static_analyser.NumberTestCase" name="test_basic_nil_assign" time="0.006" /><testcase classname="tests.test_dsl_static_analyser.NumberTestCase" name="test_basic_or" time="0.040" /><testcase classname="tests.test_dsl_static_analyser.NumberTestCase" name="test_basic_paranthesis" time="0.010" /><testcase classname="tests.test_dsl_static_analyser.NumberTestCase" name="test_basic_pow" time="0.021" /><testcase classname="tests.test_dsl_static_analyser.NumberTestCase" name="test_basic_self_assign" time="0.010" /><testcase classname="tests.test_dsl_static_analyser.NumberTestCase" name="test_basic_several_add" time="0.011" /><testcase classname="tests.test_dsl_static_analyser.NumberTestCase" name="test_basic_str_assign" time="0.017" /><testcase classname="tests.test_dsl_static_analyser.NumberTestCase" name="test_basic_sub" time="0.008" /><testcase classname="tests.test_dsl_static_analyser.NumberTestCase" name="test_basic_unary_minus" time="0.031" /><testcase classname="tests.test_dsl_static_analyser.NumberTestCase" name="test_basic_while" time="0.023" /><testcase classname="tests.test_dsl_static_analyser.NumberTestCase" name="test_implicit_var_" time="0.019" /><testcase classname="tests.test_dsl_static_analyser.NumberTestCase" name="test_model_formula_if_else_if_else" time="0.094" /><testcase classname="tests.test_dsl_static_analyser.NumberTestCase" name="test_new_assignment_not_implicit" time="0.016" /><testcase classname="tests.test_dsl_static_analyser.NumberTestCase" name="test_repeat_int_assign" time="0.011" /><testcase classname="tests.test_grouping.GroupingTestCase" name="test_basic" time="0.064" /><testcase classname="tests.test_hdf.MyTestCase" name="test_basic" time="0.429" /><testcase classname="tests.test_hdf.MyTestCase" name="test_h5_store_load" time="0.051" /><testcase classname="tests.test_models.MyTestCase" name="test_ci_v2" time="13.341" /><testcase classname="tests.test_models.MyTestCase" name="test_countries" time="16.440" /><testcase classname="tests.test_models.MyTestCase" name="test_youtube" time="0.003"><skipped message="too much effort to maintain" type="pytest.skip">/Users/jedpreist/CodingStuff/DIMPACT/eam-core-provenance/tests/test_models.py:9: too much effort to maintain</skipped></testcase><testcase classname="tests.test_module_parser.ModuleParserTestCase" name="test_model_metadata" time="0.075" /><testcase classname="tests.test_module_parser.ModuleParserTestCase" name="test_process_data" time="0.074" /><testcase classname="tests.test_module_parser.ModuleParserTestCase" name="test_variable_data" time="0.073" /><testcase classname="tests.test_mu_dsl.NumberTestCase" name="test_basic_add" time="0.005" /><testcase classname="tests.test_mu_dsl.NumberTestCase" name="test_basic_and" time="0.011" /><testcase classname="tests.test_mu_dsl.NumberTestCase" name="test_basic_bool_false" time="0.004" /><testcase classname="tests.test_mu_dsl.NumberTestCase" name="test_basic_bool_not" time="0.006" /><testcase classname="tests.test_mu_dsl.NumberTestCase" name="test_basic_bool_true" time="0.005" /><testcase classname="tests.test_mu_dsl.NumberTestCase" name="test_basic_div" time="0.007" /><testcase classname="tests.test_mu_dsl.NumberTestCase" name="test_basic_eq" time="0.005" /><testcase classname="tests.test_mu_dsl.NumberTestCase" name="test_basic_error" time="0.016" /><testcase classname="tests.test_mu_dsl.NumberTestCase" name="test_basic_float_assign" time="0.004" /><testcase classname="tests.test_mu_dsl.NumberTestCase" name="test_basic_get" time="0.008" /><testcase classname="tests.test_mu_dsl.NumberTestCase" name="test_basic_gt" time="0.006" /><testcase classname="tests.test_mu_dsl.NumberTestCase" name="test_basic_if" time="0.011" /><testcase classname="tests.test_mu_dsl.NumberTestCase" name="test_basic_if_else" time="0.016" /><testcase classname="tests.test_mu_dsl.NumberTestCase" name="test_basic_if_else_if" time="0.043" /><testcase classname="tests.test_mu_dsl.NumberTestCase" name="test_basic_if_else_if_else" time="0.045" /><testcase classname="tests.test_mu_dsl.NumberTestCase" name="test_basic_if_non_zero_is_true" time="0.011" /><testcase classname="tests.test_mu_dsl.NumberTestCase" name="test_basic_if_zero_is_false" time="0.012" /><testcase classname="tests.test_mu_dsl.NumberTestCase" name="test_basic_int_assign" time="0.005" /><testcase classname="tests.test_mu_dsl.NumberTestCase" name="test_basic_let" time="0.121" /><testcase classname="tests.test_mu_dsl.NumberTestCase" name="test_basic_lt" time="0.005" /><testcase classname="tests.test_mu_dsl.NumberTestCase" name="test_basic_mod" time="0.005" /><testcase classname="tests.test_mu_dsl.NumberTestCase" name="test_basic_mult" time="0.006" /><testcase classname="tests.test_mu_dsl.NumberTestCase" name="test_basic_nil_assign" time="0.005" /><testcase classname="tests.test_mu_dsl.NumberTestCase" name="test_basic_or" time="0.016" /><testcase classname="tests.test_mu_dsl.NumberTestCase" name="test_basic_paranthesis" time="0.007" /><testcase classname="tests.test_mu_dsl.NumberTestCase" name="test_basic_pow" time="0.008" /><testcase classname="tests.test_mu_dsl.NumberTestCase" name="test_basic_several_add" time="0.007" /><testcase classname="tests.test_mu_dsl.NumberTestCase" name="test_basic_str_assign" time="0.007" /><testcase classname="tests.test_mu_dsl.NumberTestCase" name="test_basic_sub" time="0.006" /><testcase classname="tests.test_mu_dsl.NumberTestCase" name="test_basic_unary_minus" time="0.007" /><testcase classname="tests.test_mu_dsl.NumberTestCase" name="test_basic_while" time="0.024" /><testcase classname="tests.test_mu_dsl.NumberTestCase" name="test_comment" time="0.013" /><testcase classname="tests.test_mu_dsl.NumberTestCase" name="test_log" time="0.009" /><testcase classname="tests.test_mu_dsl.PandasTestCase" name="test_basic_and" time="0.015" /><testcase classname="tests.test_mu_dsl.PandasTestCase" name="test_basic_eq" time="0.011" /><testcase classname="tests.test_mu_dsl.PandasTestCase" name="test_basic_gt" time="0.013" /><testcase classname="tests.test_mu_dsl.PandasTestCase" name="test_basic_if_df" time="0.025" /><testcase classname="tests.test_mu_dsl.PandasTestCase" name="test_basic_if_series" time="0.016" /><testcase classname="tests.test_mu_dsl.PandasTestCase" name="test_basic_mod" time="0.014" /><testcase classname="tests.test_mu_dsl.PandasTestCase" name="test_basic_or" time="0.014" /><testcase classname="tests.test_mu_dsl.PandasTestCase" name="test_basic_paranthesis" time="0.017" /><testcase classname="tests.test_mu_dsl.PandasTestCase" name="test_basic_pow" time="0.012" /><testcase classname="tests.test_mu_dsl.PandasTestCase" name="test_basic_unary_minus" time="0.012" /><testcase classname="tests.test_mu_dsl.PandasTestCase" name="test_log_pandas_test_zero" time="0.012" /><testcase classname="tests.test_mu_dsl.PandasTestCase" name="test_multi_line_variables_with_objects" time="0.030" /><testcase classname="tests.test_mu_dsl.PandasTestCase" name="test_pandas_add" time="0.021" /><testcase classname="tests.test_mu_dsl.PandasTestCase" name="test_pandas_div" time="0.015" /><testcase classname="tests.test_mu_dsl.PandasTestCase" name="test_pandas_m_add" time="0.031" /><testcase classname="tests.test_mu_dsl.PandasTestCase" name="test_pandas_not_real" time="0.004" /><testcase classname="tests.test_mu_dsl.PandasTestCase" name="test_pandas_sub" time="0.017" /><testcase classname="tests.test_mu_dsl.PandasTestCase" name="test_pandas_test_zero" time="0.012" /><testcase classname="tests.test_mu_dsl.QuantityTestCase" name="test_basic_and" time="0.015" /><testcase classname="tests.test_mu_dsl.QuantityTestCase" name="test_basic_eq" time="0.011" /><testcase classname="tests.test_mu_dsl.QuantityTestCase" name="test_basic_gt" time="0.011" /><testcase classname="tests.test_mu_dsl.QuantityTestCase" name="test_basic_if_df" time="0.031" /><testcase classname="tests.test_mu_dsl.QuantityTestCase" name="test_basic_if_series" time="0.034" /><testcase classname="tests.test_mu_dsl.QuantityTestCase" name="test_basic_mod" time="0.028" /><testcase classname="tests.test_mu_dsl.QuantityTestCase" name="test_basic_or" time="0.036" /><testcase classname="tests.test_mu_dsl.QuantityTestCase" name="test_basic_paranthesis" time="0.032" /><testcase classname="tests.test_mu_dsl.QuantityTestCase" name="test_basic_pow" time="0.025" /><testcase classname="tests.test_mu_dsl.QuantityTestCase" name="test_basic_unary_minus" time="0.013" /><testcase classname="tests.test_mu_dsl.QuantityTestCase" name="test_log_pandas_test_zero" time="0.016" /><testcase classname="tests.test_mu_dsl.QuantityTestCase" name="test_multi_line_variables_with_objects" time="0.036" /><testcase classname="tests.test_mu_dsl.QuantityTestCase" name="test_pandas_add" time="0.025" /><testcase classname="tests.test_mu_dsl.QuantityTestCase" name="test_pandas_div" time="0.018" /><testcase classname="tests.test_mu_dsl.QuantityTestCase" name="test_pandas_m_add" time="0.042" /><testcase classname="tests.test_mu_dsl.QuantityTestCase" name="test_pandas_not_real" time="0.004" /><testcase classname="tests.test_mu_dsl.QuantityTestCase" name="test_pandas_sub" time="0.023" /><testcase classname="tests.test_mu_dsl.QuantityTestCase" name="test_pandas_test_zero" time="0.019" /><testcase classname="tests.test_mu_dsl.QuantityTestCase" name="test_pint_pandas" time="0.033" /><testcase classname="tests.test_mu_dsl.QuantityTestCase" name="test_pint_pandas_df_basic_if_false" time="0.024" /><testcase classname="tests.test_mu_dsl.QuantityTestCase" name="test_pint_pandas_df_basic_if_true" time="0.023" /><testcase classname="tests.test_mu_dsl.QuantityTestCase" name="test_pint_pandas_series_basic_if_false" time="0.030" /><testcase classname="tests.test_mu_dsl.QuantityTestCase" name="test_pint_pandas_series_basic_if_true" time="0.026" /><testcase classname="tests.test_mu_dsl.QuantityTestCase" name="test_pint_pandas_series_ignore_units" time="0.034" /><testcase classname="tests.test_mu_dsl.QuantityTestCase" name="test_pint_pandas_timeseries" time="0.060" /><testcase classname="tests.test_mu_dsl.QuantityTestCase" name="test_pint_pandas_timeseries_mix_var" time="0.068" /><testcase classname="tests.test_mu_dsl.QuantityTestCase" name="test_short_if_df_false" time="0.038" /><testcase classname="tests.test_mu_dsl.QuantityTestCase" name="test_short_if_df_true" time="0.033" /><testcase classname="tests.test_mu_dsl.QuantityTestCase" name="test_short_if_series_false" time="0.028" /><testcase classname="tests.test_mu_dsl.QuantityTestCase" name="test_short_if_series_true" time="0.045" /><testcase classname="tests.test_process_ids.TestProcessIDs" name="test_duplicate_ids" time="0.376" /><testcase classname="tests.test_process_ids.TestProcessIDs" name="test_existing_ids" time="1.132" /><testcase classname="tests.test_process_ids.TestProcessIDs" name="test_no_existing_ids" time="0.934" /><testcase classname="tests.test_process_ids.TestProcessIDs" name="test_no_id_flag" time="0.604" /><testcase classname="tests.test_process_ids.TestProcessIDs" name="test_some_existing_ids" time="0.803" /><testcase classname="tests.test_serialise.MyTestCase" name="test_serialise_to_yaml" time="0.039" /><testcase classname="tests.test_serialise.MyTestCase" name="test_to_json" time="0.079" /><testcase classname="tests.test_unit.MyTestCase" name="test_dataframe_quantity_add" time="0.056" /><testcase classname="tests.test_unit.MyTestCase" name="test_dataframe_quantity_mult" time="0.045" /><testcase classname="tests.test_unit.MyTestCase" name="test_dataframe_quantity_parsing" time="0.012" /><testcase classname="tests.test_unit.MyTestCase" name="test_inline_conversion" time="0.009" /><testcase classname="tests.test_unit.MyTestCase" name="test_jpb_default_unit" time="0.013" /><testcase classname="tests.test_unit.MyTestCase" name="test_jpb_scientific_unit" time="0.016" /><testcase classname="tests.test_unit.MyTestCase" name="test_keep_datatype" time="0.032" /><testcase classname="tests.test_unit.MyTestCase" name="test_multi_col_df_quantity" time="0.091" /><testcase classname="tests.test_unit.MyTestCase" name="test_simple_model_with_units" time="0.004"><skipped message="old DSL. New does not return values - need review" type="pytest.skip">/Users/jedpreist/CodingStuff/DIMPACT/eam-core-provenance/tests/test_unit.py:61: old DSL. New does not return values - need review</skipped></testcase><testcase classname="tests.test_yaml_loader.YamlLoader_v1" name="test_complex_variables" time="0.071" /><testcase classname="tests.test_yaml_loader.YamlLoader_v1" name="test_constants" time="0.041" /><testcase classname="tests.test_yaml_loader.YamlLoader_v1" name="test_dict_deep_update" time="0.005" /><testcase classname="tests.test_yaml_loader.YamlLoader_v1" name="test_excelvar" time="0.059" /><testcase classname="tests.test_yaml_loader.YamlLoader_v1" name="test_excelvar_set" time="0.028" /><testcase classname="tests.test_yaml_loader.YamlLoader_v1" name="test_excelvar_set_with_sub" time="0.109" /><testcase classname="tests.test_yaml_loader.YamlLoader_v1" name="test_excelvar_set_with_sub_and_excel_var_stub" time="0.298" /><testcase classname="tests.test_yaml_loader.YamlLoader_v1" name="test_export_alias_declaration" time="0.008"><skipped message="old DSL. New does not return values - need review" type="pytest.skip">/Users/jedpreist/CodingStuff/DIMPACT/eam-core-provenance/tests/test_yaml_loader.py:469: old DSL. New does not return values - need review</skipped></testcase><testcase classname="tests.test_yaml_loader.YamlLoader_v1" name="test_import_alias_declaration" time="0.008"><skipped message="old DSL. New does not return values - need review" type="pytest.skip">/Users/jedpreist/CodingStuff/DIMPACT/eam-core-provenance/tests/test_yaml_loader.py:431: old DSL. New does not return values - need review</skipped></testcase><testcase classname="tests.test_yaml_loader.YamlLoader_v1" name="test_import_declaration" time="0.004"><skipped message="old DSL. New does not return values - need review" type="pytest.skip">/Users/jedpreist/CodingStuff/DIMPACT/eam-core-provenance/tests/test_yaml_loader.py:391: old DSL. New does not return values - need review</skipped></testcase><testcase classname="tests.test_yaml_loader.YamlLoader_v1" name="test_linkto_declaration" time="0.172" /><testcase classname="tests.test_yaml_loader.YamlLoader_v1" name="test_multiple_formula_process" time="0.006"><skipped message="old DSL. New does not return values - need review" type="pytest.skip">/Users/jedpreist/CodingStuff/DIMPACT/eam-core-provenance/tests/test_yaml_loader.py:511: old DSL. New does not return values - need review</skipped></testcase><testcase classname="tests.test_yaml_loader.YamlLoader_v1" name="test_prototype_add_property" time="0.005"><skipped message="old DSL. New does not return values - need review" type="pytest.skip">/Users/jedpreist/CodingStuff/DIMPACT/eam-core-provenance/tests/test_yaml_loader.py:568: old DSL. New does not return values - need review</skipped></testcase><testcase classname="tests.test_yaml_loader.YamlLoader_v1" name="test_prototype_overwrite_property" time="0.007"><skipped message="old DSL. New does not return values - need review" type="pytest.skip">/Users/jedpreist/CodingStuff/DIMPACT/eam-core-provenance/tests/test_yaml_loader.py:621: old DSL. New does not return values - need review</skipped></testcase><testcase classname="tests.test_yaml_loader.YamlLoader_v1" name="test_staticvar_set" time="0.051" /><testcase classname="tests.test_yaml_loader.YamlLoader_v1" name="test_yaml_parsing" time="0.056" /><testcase classname="tests.test_yaml_loader.YamlLoader_v2" name="test_basic" time="0.904" /><testcase classname="tests.test_yaml_loader.YamlLoader_v2" name="test_static_check" time="0.031" /></testsuite></testsuites>